<?xml version="1.0" encoding="UTF-8"?>
<!-- Generated by org.testng.reporters.JUnitReportReporter -->
<testsuite hostname="LAPTOP-HANTLPHQ" failures="0" tests="3" name="com.browserstack.FirstTest" time="260.180" errors="0" timestamp="2023-02-18T15:39:18 IST" skipped="0">
  <testcase classname="com.browserstack.FirstTest" name="test" time="72.686"/>
  <system-out/>
  <testcase classname="com.browserstack.FirstTest" name="test" time="74.121"/>
  <system-out/>
  <testcase classname="com.browserstack.FirstTest" name="test" time="113.373"/>
  <system-out/>
</testsuite> <!-- com.browserstack.FirstTest -->
